Fixed-noise probe config: {"candidates_only": false, "device": "cpu", "grid_size": 41, "hrp": ["1", "0.01", "0.0001"], "input_dir": "C:\\PyCharm\\Blueness\\logs\\Jun_15_full_log", "input_prefix": "6_15", "loo": true, "models": ["fixed_sem_shrunk"], "num_restarts": 20, "out_dir": "logs/Jun_15_rerun_diag", "q": 32, "raw_samples": 512, "run_type": "BO1", "seed": 42, "shrink_alpha": 0.5, "target": "AUC"}
Pooled rounds ['LHS', 'BO1'] -> 768 replicate rows, 192 conditions; candidates target round BO2.

=== HRP=1 model=fixed_sem_shrunk ===
  running condition-level LOO refits...
C:\anaconda3\envs\botorch\Lib\site-packages\botorch\optim\optimize.py:311: RuntimeWarning: Optimization failed in `gen_candidates_scipy` with the following warning(s):
[NumericalWarning('A not p.d., added jitter of 1.0e-08 to the diagonal'), OptimizationWarning('Optimization failed within `scipy.optimize.minimize` with status 2 and message ABNORMAL_TERMINATION_IN_LNSRCH.')]
Trying again with a new set of initial conditions.
  candidate, acq_value = _optimize_acqf_batch(new_inputs)
C:\anaconda3\envs\botorch\Lib\site-packages\botorch\optim\optimize.py:311: RuntimeWarning: Optimization failed in `gen_candidates_scipy` with the following warning(s):
[NumericalWarning('A not p.d., added jitter of 1.0e-08 to the diagonal'), NumericalWarning('A not p.d., added jitter of 1.0e-07 to the diagonal'), OptimizationWarning('Optimization failed within `scipy.optimize.minimize` with status 2 and message ABNORMAL_TERMINATION_IN_LNSRCH.')]
Trying again with a new set of initial conditions.
  candidate, acq_value = _optimize_acqf_batch(new_inputs)
C:\anaconda3\envs\botorch\Lib\site-packages\botorch\optim\optimize.py:311: RuntimeWarning: Optimization failed on the second try, after generating a new set of initial conditions.
  candidate, acq_value = _optimize_acqf_batch(new_inputs)
C:\anaconda3\envs\botorch\Lib\site-packages\botorch\optim\optimize.py:311: RuntimeWarning: Optimization failed in `gen_candidates_scipy` with the following warning(s):
[NumericalWarning('A not p.d., added jitter of 1.0e-08 to the diagonal'), NumericalWarning('A not p.d., added jitter of 1.0e-07 to the diagonal'), OptimizationWarning('Optimization failed within `scipy.optimize.minimize` with status 2 and message ABNORMAL_TERMINATION_IN_LNSRCH.'), NumericalWarning('A not p.d., added jitter of 1.0e-08 to the diagonal')]
Trying again with a new set of initial conditions.
  candidate, acq_value = _optimize_acqf_batch(new_inputs)
C:\anaconda3\envs\botorch\Lib\site-packages\botorch\optim\optimize.py:311: RuntimeWarning: Optimization failed in `gen_candidates_scipy` with the following warning(s):
[NumericalWarning('A not p.d., added jitter of 1.0e-08 to the diagonal'), OptimizationWarning('Optimization failed within `scipy.optimize.minimize` with status 2 and message ABNORMAL_TERMINATION_IN_LNSRCH.')]
Trying again with a new set of initial conditions.
  candidate, acq_value = _optimize_acqf_batch(new_inputs)

=== HRP=0.01 model=fixed_sem_shrunk ===
  running condition-level LOO refits...

=== HRP=0.0001 model=fixed_sem_shrunk ===
  running condition-level LOO refits...

Saved combined candidates (96 rows) -> C:\PyCharm\Blueness\logs\Jun_15_rerun_diag\BO2_candidates_all.csv
Saved summary -> C:\PyCharm\Blueness\logs\Jun_15_rerun_diag\diag\fixed_noise_gp_BO1_probe_summary.csv
